{"meta": {"format": 3, "version": "7.13.4", "timestamp": "2026-02-25T22:59:04.060599", "branch_coverage": false, "show_contexts": false}, "files": {"src\\lidco\\__main__.py": {"executed_lines": [3, 8, 11, 24, 46, 47, 50, 51, 52, 54, 55, 62, 64, 65, 68, 69, 70, 71, 72, 75, 77, 78, 80, 81, 82, 84, 85, 86, 88, 89, 91, 92, 95, 97, 99, 100, 101, 105, 106, 110, 113, 114, 116, 118, 120, 121, 122, 123, 125, 128, 129, 131], "summary": {"covered_lines": 52, "num_statements": 134, "percent_covered": 38.80597014925373, "percent_covered_display": "39", "missing_lines": 82, "excluded_lines": 0, "percent_statements_covered": 38.80597014925373, "percent_statements_covered_display": "39"}, "missing_lines": [7, 9, 10, 12, 14, 15, 17, 18, 20, 22, 53, 58, 60, 63, 67, 79, 83, 87, 90, 93, 94, 96, 98, 102, 104, 107, 112, 117, 119, 124, 126, 133, 136, 138, 139, 140, 142, 143, 144, 145, 146, 147, 148, 149, 150, 151, 152, 154, 155, 156, 158, 159, 160, 162, 163, 165, 166, 169, 171, 173, 174, 175, 177, 179, 180, 182, 184, 185, 187, 188, 192, 194, 195, 199, 201, 202, 203, 204, 205, 208, 211, 212], "excluded_lines": [], "functions": {"main": {"executed_lines": [62, 64, 65, 68, 69, 70, 71, 72], "summary": {"covered_lines": 8, "num_statements": 11, "percent_covered": 72.72727272727273, "percent_covered_display": "73", "missing_lines": 3, "excluded_lines": 0, "percent_statements_covered": 72.72727272727273, "percent_statements_covered_display": "73"}, "missing_lines": [60, 63, 67], "excluded_lines": [], "start_line": 58}, "_parse_repl_flags": {"executed_lines": [77, 78, 80, 81, 82, 84, 85, 86, 88, 89, 91, 92, 95, 97, 99, 100, 101, 105, 106], "summary": {"covered_lines": 19, "num_statements": 30, "percent_covered": 63.333333333333336, "percent_covered_display": "63", "missing_lines": 11, "excluded_lines": 0, "percent_statements_covered": 63.333333333333336, "percent_statements_covered_display": "63"}, "missing_lines": [79, 83, 87, 90, 93, 94, 96, 98, 102, 104, 107], "excluded_lines": [], "start_line": 75}, "_run_serve": {"executed_lines": [113, 114, 116, 118, 120, 121, 122, 123, 125, 128, 129, 131], "summary": {"covered_lines": 12, "num_statements": 18, "percent_covered": 66.66666666666667, "percent_covered_display": "67", "missing_lines": 6, "excluded_lines": 0, "percent_statements_covered": 66.66666666666667, "percent_statements_covered_display": "67"}, "missing_lines": [112, 117, 119, 124, 126, 133], "excluded_lines": [], "start_line": 110}, "_run_index": {"executed_lines": [], "summary": {"covered_lines": 0, "num_statements": 45, "percent_covered": 0.0, "percent_covered_display": "0", "missing_lines": 45, "excluded_lines": 0, "percent_statements_covered": 0.0, "percent_statements_covered_display": "0"}, "missing_lines": [138, 139, 140, 142, 143, 144, 145, 146, 147, 148, 149, 150, 151, 152, 154, 155, 156, 158, 159, 160, 162, 163, 165, 166, 169, 171, 173, 177, 179, 180, 182, 184, 185, 187, 188, 192, 194, 195, 199, 201, 202, 203, 204, 205, 208], "excluded_lines": [], "start_line": 136}, "_run_index._progress": {"executed_lines": [], "summary": {"covered_lines": 0, "num_statements": 2, "percent_covered": 0.0, "percent_covered_display": "0", "missing_lines": 2, "excluded_lines": 0, "percent_statements_covered": 0.0, "percent_statements_covered_display": "0"}, "missing_lines": [174, 175], "excluded_lines": [], "start_line": 173}, "": {"executed_lines": [3, 8, 11, 24, 46, 47, 50, 51, 52, 54, 55, 75, 110], "summary": {"covered_lines": 13, "num_statements": 28, "percent_covered": 46.42857142857143, "percent_covered_display": "46", "missing_lines": 15, "excluded_lines": 0, "percent_statements_covered": 46.42857142857143, "percent_statements_covered_display": "46"}, "missing_lines": [7, 9, 10, 12, 14, 15, 17, 18, 20, 22, 53, 58, 136, 211, 212], "excluded_lines": [], "start_line": 1}}, "classes": {"CLIFlags": {"executed_lines": [], "summary": {"covered_lines": 0, "num_statements": 0, "percent_covered": 100.0, "percent_covered_display": "100", "missing_lines": 0, "excluded_lines": 0, "percent_statements_covered": 100.0, "percent_statements_covered_display": "100"}, "missing_lines": [], "excluded_lines": [], "start_line": 47}, "": {"executed_lines": [3, 8, 11, 24, 46, 47, 50, 51, 52, 54, 55, 62, 64, 65, 68, 69, 70, 71, 72, 75, 77, 78, 80, 81, 82, 84, 85, 86, 88, 89, 91, 92, 95, 97, 99, 100, 101, 105, 106, 110, 113, 114, 116, 118, 120, 121, 122, 123, 125, 128, 129, 131], "summary": {"covered_lines": 52, "num_statements": 134, "percent_covered": 38.80597014925373, "percent_covered_display": "39", "missing_lines": 82, "excluded_lines": 0, "percent_statements_covered": 38.80597014925373, "percent_statements_covered_display": "39"}, "missing_lines": [7, 9, 10, 12, 14, 15, 17, 18, 20, 22, 53, 58, 60, 63, 67, 79, 83, 87, 90, 93, 94, 96, 98, 102, 104, 107, 112, 117, 119, 124, 126, 133, 136, 138, 139, 140, 142, 143, 144, 145, 146, 147, 148, 149, 150, 151, 152, 154, 155, 156, 158, 159, 160, 162, 163, 165, 166, 169, 171, 173, 174, 175, 177, 179, 180, 182, 184, 185, 187, 188, 192, 194, 195, 199, 201, 202, 203, 204, 205, 208, 211, 212], "excluded_lines": [], "start_line": 1}}}, "src\\lidco\\cli\\commands.py": {"executed_lines": [3, 5, 6, 7, 10, 11, 14, 15, 16, 19, 22, 23, 24, 25, 27, 29, 31, 32, 34, 35, 37, 40, 41, 43, 56, 66, 78, 114, 125, 131, 132, 135, 136, 140, 141, 144, 145, 147, 148, 149, 150, 155, 156, 159, 161, 163, 171, 175, 274, 314, 318, 319, 328, 329, 335, 336, 338, 341, 342, 343, 346, 348, 349, 351, 352, 353, 355, 356, 359, 360, 361, 364, 365, 366, 367, 368, 370, 371, 373, 374, 375, 376, 378, 379, 380, 381, 383, 385, 387, 388, 390, 393, 394, 396, 397, 398, 402, 403, 405, 406, 407, 408, 409, 411, 415, 416, 418, 425, 426, 429, 431, 432, 434, 437, 438, 439, 446, 447, 448, 452, 457, 459, 460, 462, 463, 464, 466, 467, 470, 471], "summary": {"covered_lines": 130, "num_statements": 887, "percent_covered": 14.656144306651635, "percent_covered_display": "15", "missing_lines": 757, "excluded_lines": 0, "percent_statements_covered": 14.656144306651635, "percent_statements_covered_display": "15"}, "missing_lines": [38, 44, 50, 51, 52, 53, 54, 57, 58, 59, 60, 61, 62, 63, 64, 67, 68, 69, 70, 71, 72, 73, 74, 75, 76, 79, 80, 81, 82, 84, 85, 86, 87, 88, 89, 90, 91, 92, 93, 94, 95, 96, 97, 98, 99, 100, 101, 102, 103, 104, 105, 106, 107, 115, 116, 117, 118, 119, 121, 122, 123, 126, 127, 128, 129, 133, 137, 139, 143, 153, 154, 160, 162, 173, 182, 183, 187, 188, 189, 191, 192, 193, 194, 195, 197, 199, 200, 201, 203, 204, 206, 209, 218, 220, 221, 223, 224, 225, 226, 228, 230, 232, 233, 234, 236, 238, 239, 240, 246, 247, 248, 250, 251, 252, 253, 255, 256, 261, 265, 266, 268, 271, 272, 273, 278, 285, 286, 288, 289, 291, 292, 293, 298, 299, 300, 301, 302, 304, 313, 316, 330, 331, 332, 333, 334, 339, 340, 344, 347, 350, 357, 358, 362, 363, 372, 377, 382, 389, 392, 395, 399, 400, 404, 410, 412, 414, 428, 435, 449, 475, 476, 484, 485, 489, 490, 491, 492, 494, 496, 498, 499, 501, 502, 504, 505, 507, 508, 513, 514, 516, 517, 518, 519, 520, 522, 524, 526, 527, 530, 532, 534, 540, 541, 545, 547, 548, 553, 555, 556, 557, 558, 559, 560, 562, 564, 566, 568, 570, 571, 572, 574, 575, 576, 578, 580, 581, 582, 583, 584, 586, 587, 588, 593, 598, 604, 605, 606, 607, 609, 610, 611, 612, 614, 615, 616, 618, 619, 620, 621, 622, 623, 624, 625, 627, 628, 629, 630, 631, 632, 633, 634, 636, 638, 646, 647, 648, 649, 650, 656, 660, 662, 663, 664, 674, 675, 677, 678, 681, 682, 683, 684, 685, 686, 687, 688, 691, 692, 693, 694, 695, 696, 697, 698, 699, 700, 701, 702, 703, 704, 705, 708, 709, 710, 711, 712, 714, 715, 716, 717, 718, 719, 720, 721, 723, 725, 727, 728, 730, 731, 733, 734, 735, 739, 740, 741, 745, 746, 747, 748, 749, 750, 751, 753, 754, 756, 757, 758, 759, 762, 763, 765, 766, 767, 768, 779, 780, 781, 783, 784, 785, 786, 788, 789, 790, 795, 799, 800, 801, 802, 805, 809, 810, 812, 816, 817, 818, 820, 824, 825, 826, 827, 828, 830, 832, 833, 834, 835, 837, 838, 840, 842, 843, 844, 850, 851, 852, 853, 854, 855, 857, 863, 864, 865, 866, 869, 870, 871, 872, 873, 874, 875, 878, 879, 880, 881, 882, 883, 884, 885, 886, 887, 890, 891, 895, 896, 897, 898, 899, 900, 901, 902, 903, 906, 909, 910, 911, 912, 913, 914, 916, 918, 919, 920, 921, 922, 923, 924, 925, 927, 929, 931, 932, 934, 935, 937, 938, 940, 941, 942, 948, 949, 950, 952, 953, 954, 955, 958, 959, 960, 961, 962, 963, 964, 965, 966, 968, 969, 970, 972, 973, 974, 976, 977, 978, 980, 981, 983, 985, 987, 988, 990, 991, 993, 1002, 1003, 1006, 1007, 1008, 1009, 1010, 1011, 1012, 1013, 1014, 1015, 1016, 1017, 1020, 1021, 1022, 1023, 1024, 1025, 1026, 1029, 1030, 1031, 1032, 1033, 1036, 1037, 1038, 1039, 1040, 1041, 1042, 1043, 1044, 1045, 1046, 1047, 1050, 1051, 1052, 1053, 1054, 1055, 1056, 1057, 1059, 1060, 1061, 1062, 1063, 1064, 1065, 1066, 1068, 1070, 1072, 1073, 1075, 1076, 1082, 1083, 1085, 1086, 1088, 1089, 1095, 1096, 1097, 1098, 1099, 1101, 1102, 1105, 1106, 1107, 1108, 1109, 1111, 1112, 1113, 1114, 1116, 1118, 1119, 1121, 1122, 1124, 1125, 1126, 1127, 1128, 1132, 1134, 1135, 1136, 1137, 1138, 1144, 1145, 1146, 1147, 1148, 1149, 1150, 1151, 1155, 1162, 1182, 1184, 1185, 1186, 1187, 1188, 1190, 1192, 1193, 1194, 1196, 1197, 1200, 1201, 1202, 1203, 1205, 1206, 1208, 1209, 1211, 1216, 1217, 1218, 1219, 1220, 1221, 1222, 1224, 1225, 1226, 1227, 1228, 1229, 1230, 1233, 1234, 1236, 1237, 1238, 1239, 1241, 1242, 1243, 1244, 1245, 1246, 1247, 1248, 1252, 1254, 1256, 1257, 1259, 1260, 1262, 1263, 1264, 1265, 1267, 1268, 1269, 1273, 1274, 1275, 1278, 1279, 1280, 1281, 1284, 1285, 1286, 1288, 1289, 1292, 1293, 1295, 1296, 1298, 1299, 1307, 1308, 1309, 1314, 1315, 1316, 1318, 1319, 1320, 1321, 1322, 1323, 1325, 1327, 1328, 1329, 1330, 1331, 1332, 1334, 1336, 1337, 1339, 1340, 1341, 1342, 1343, 1344, 1345, 1346, 1347, 1349, 1350, 1351, 1353, 1358, 1359, 1360, 1362, 1364, 1365, 1367, 1370, 1371, 1372, 1375, 1376, 1377, 1378, 1379, 1384, 1392, 1393, 1394, 1396, 1397, 1399, 1401, 1402, 1403, 1404, 1405, 1406, 1408, 1415, 1416, 1417, 1418, 1419, 1420, 1421, 1422, 1423, 1424, 1425, 1426, 1427, 1428, 1429, 1430, 1431, 1432, 1433, 1434, 1435, 1436], "excluded_lines": [], "functions": {"CommandRegistry.__init__": {"executed_lines": [23, 24, 25], "summary": {"covered_lines": 3, "num_statements": 3, "percent_covered": 100.0, "percent_covered_display": "100", "missing_lines": 0, "excluded_lines": 0, "percent_statements_covered": 100.0, "percent_statements_covered_display": "100"}, "missing_lines": [], "excluded_lines": [], "start_line": 22}, "CommandRegistry.set_session": {"executed_lines": [29], "summary": {"covered_lines": 1, "num_statements": 1, "percent_covered": 100.0, "percent_covered_display": "100", "missing_lines": 0, "excluded_lines": 0, "percent_statements_covered": 100.0, "percent_statements_covered_display": "100"}, "missing_lines": [], "excluded_lines": [], "start_line": 27}, "CommandRegistry.register": {"executed_lines": [32], "summary": {"covered_lines": 1, "num_statements": 1, "percent_covered": 100.0, "percent_covered_display": "100", "missing_lines": 0, "excluded_lines": 0, "percent_statements_covered": 100.0, "percent_statements_covered_display": "100"}, "missing_lines": [], "excluded_lines": [], "start_line": 31}, "CommandRegistry.get": {"executed_lines": [35], "summary": {"covered_lines": 1, "num_statements": 1, "percent_covered": 100.0, "percent_covered_display": "100", "missing_lines": 0, "excluded_lines": 0, "percent_statements_covered": 100.0, "percent_statements_covered_display": "100"}, "missing_lines": [], "excluded_lines": [], "start_line": 34}, "CommandRegistry.list_commands": {"executed_lines": [], "summary": {"covered_lines": 0, "num_statements": 1, "percent_covered": 0.0, "percent_covered_display": "0", "missing_lines": 1, "excluded_lines": 0, "percent_statements_covered": 0.0, "percent_statements_covered_display": "0"}, "missing_lines": [38], "excluded_lines": [], "start_line": 37}, "CommandRegistry._register_builtins": {"executed_lines": [41, 43, 56, 66, 78, 114, 125, 131, 387, 425], "summary": {"covered_lines": 10, "num_statements": 57, "percent_covered": 17.54385964912281, "percent_covered_display": "18", "missing_lines": 47, "excluded_lines": 0, "percent_statements_covered": 17.54385964912281, "percent_statements_covered_display": "18"}, "missing_lines": [232, 285, 288, 313, 498, 570, 646, 662, 725, 830, 929, 985, 1070, 1116, 1162, 1182, 1190, 1254, 1327, 1328, 1329, 1330, 1331, 1332, 1362, 1415, 1416, 1417, 1418, 1419, 1420, 1421, 1422, 1423, 1424, 1425, 1426, 1427, 1428, 1429, 1430, 1431, 1432, 1433, 1434, 1435, 1436], "excluded_lines": [], "start_line": 40}, "CommandRegistry._register_builtins.help_handler": {"executed_lines": [], "summary": {"covered_lines": 0, "num_statements": 6, "percent_covered": 0.0, "percent_covered_display": "0", "missing_lines": 6, "excluded_lines": 0, "percent_statements_covered": 0.0, "percent_statements_covered_display": "0"}, "missing_lines": [44, 50, 51, 52, 53, 54], "excluded_lines": [], "start_line": 43}, "CommandRegistry._register_builtins.model_handler": {"executed_lines": [], "summary": {"covered_lines": 0, "num_statements": 8, "percent_covered": 0.0, "percent_covered_display": "0", "missing_lines": 8, "excluded_lines": 0, "percent_statements_covered": 0.0, "percent_statements_covered_display": "0"}, "missing_lines": [57, 58, 59, 60, 61, 62, 63, 64], "excluded_lines": [], "start_line": 56}, "CommandRegistry._register_builtins.agents_handler": {"executed_lines": [], "summary": {"covered_lines": 0, "num_statements": 10, "percent_covered": 0.0, "percent_covered_display": "0", "missing_lines": 10, "excluded_lines": 0, "percent_statements_covered": 0.0, "percent_statements_covered_display": "0"}, "missing_lines": [67, 68, 69, 70, 71, 72, 73, 74, 75, 76], "excluded_lines": [], "start_line": 66}, "CommandRegistry._register_builtins.memory_handler": {"executed_lines": [], "summary": {"covered_lines": 0, "num_statements": 28, "percent_covered": 0.0, "percent_covered_display": "0", "missing_lines": 28, "excluded_lines": 0, "percent_statements_covered": 0.0, "percent_statements_covered_display": "0"}, "missing_lines": [79, 80, 81, 82, 84, 85, 86, 87, 88, 89, 90, 91, 92, 93, 94, 95, 96, 97, 98, 99, 100, 101, 102, 103, 104, 105, 106, 107], "excluded_lines": [], "start_line": 78}, "CommandRegistry._register_builtins.context_handler": {"executed_lines": [], "summary": {"covered_lines": 0, "num_statements": 8, "percent_covered": 0.0, "percent_covered_display": "0", "missing_lines": 8, "excluded_lines": 0, "percent_statements_covered": 0.0, "percent_statements_covered_display": "0"}, "missing_lines": [115, 116, 117, 118, 119, 121, 122, 123], "excluded_lines": [], "start_line": 114}, "CommandRegistry._register_builtins.clear_handler": {"executed_lines": [], "summary": {"covered_lines": 0, "num_statements": 4, "percent_covered": 0.0, "percent_covered_display": "0", "missing_lines": 4, "excluded_lines": 0, "percent_statements_covered": 0.0, "percent_statements_covered_display": "0"}, "missing_lines": [126, 127, 128, 129], "excluded_lines": [], "start_line": 125}, "CommandRegistry._register_builtins.export_handler": {"executed_lines": [132, 135, 136, 140, 141, 144, 145, 147, 148, 149, 150, 155, 156, 159, 161, 163, 171, 175], "summary": {"covered_lines": 18, "num_statements": 54, "percent_covered": 33.333333333333336, "percent_covered_display": "33", "missing_lines": 36, "excluded_lines": 0, "percent_statements_covered": 33.333333333333336, "percent_statements_covered_display": "33"}, "missing_lines": [133, 137, 139, 143, 153, 154, 160, 162, 173, 182, 183, 187, 188, 189, 191, 192, 193, 194, 195, 197, 199, 200, 201, 203, 204, 206, 209, 218, 220, 221, 223, 224, 225, 226, 228, 230], "excluded_lines": [], "start_line": 131}, "CommandRegistry._register_builtins.import_handler": {"executed_lines": [274], "summary": {"covered_lines": 1, "num_statements": 24, "percent_covered": 4.166666666666667, "percent_covered_display": "4", "missing_lines": 23, "excluded_lines": 0, "percent_statements_covered": 4.166666666666667, "percent_statements_covered_display": "4"}, "missing_lines": [233, 234, 236, 238, 239, 240, 246, 247, 248, 250, 251, 252, 253, 255, 256, 261, 265, 266, 268, 271, 272, 273, 278], "excluded_lines": [], "start_line": 232}, "CommandRegistry._register_builtins.exit_handler": {"executed_lines": [], "summary": {"covered_lines": 0, "num_statements": 1, "percent_covered": 0.0, "percent_covered_display": "0", "missing_lines": 1, "excluded_lines": 0, "percent_statements_covered": 0.0, "percent_statements_covered_display": "0"}, "missing_lines": [286], "excluded_lines": [], "start_line": 285}, "CommandRegistry._register_builtins.init_handler": {"executed_lines": [], "summary": {"covered_lines": 0, "num_statements": 10, "percent_covered": 0.0, "percent_covered_display": "0", "missing_lines": 10, "excluded_lines": 0, "percent_statements_covered": 0.0, "percent_statements_covered_display": "0"}, "missing_lines": [289, 291, 292, 293, 298, 299, 300, 301, 302, 304], "excluded_lines": [], "start_line": 288}, "CommandRegistry._register_builtins.rules_handler": {"executed_lines": [314, 318, 319, 328, 329, 335, 336, 338, 341, 342, 343, 346, 348, 349, 351, 352, 353, 355, 356, 359, 360, 361, 364, 365, 366, 367, 368, 370, 371, 373, 374, 375, 376, 378, 379, 380, 381, 383, 385], "summary": {"covered_lines": 39, "num_statements": 57, "percent_covered": 68.42105263157895, "percent_covered_display": "68", "missing_lines": 18, "excluded_lines": 0, "percent_statements_covered": 68.42105263157895, "percent_statements_covered_display": "68"}, "missing_lines": [316, 330, 331, 332, 333, 334, 339, 340, 344, 347, 350, 357, 358, 362, 363, 372, 377, 382], "excluded_lines": [], "start_line": 313}, "CommandRegistry._register_builtins.decisions_handler": {"executed_lines": [388, 390, 393, 394, 396, 397, 398, 402, 403, 405, 406, 407, 408, 409, 411, 415, 416, 418], "summary": {"covered_lines": 18, "num_statements": 27, "percent_covered": 66.66666666666667, "percent_covered_display": "67", "missing_lines": 9, "excluded_lines": 0, "percent_statements_covered": 66.66666666666667, "percent_statements_covered_display": "67"}, "missing_lines": [389, 392, 395, 399, 400, 404, 410, 412, 414], "excluded_lines": [], "start_line": 387}, "CommandRegistry._register_builtins.index_handler": {"executed_lines": [426, 429, 431, 432, 434, 437, 438, 439, 446], "summary": {"covered_lines": 9, "num_statements": 12, "percent_covered": 75.0, "percent_covered_display": "75", "missing_lines": 3, "excluded_lines": 0, "percent_statements_covered": 75.0, "percent_statements_covered_display": "75"}, "missing_lines": [428, 435, 496], "excluded_lines": [], "start_line": 425}, "CommandRegistry._register_builtins.index_handler._run": {"executed_lines": [447, 448, 452, 457, 459, 462, 463, 464, 466, 467, 470, 471], "summary": {"covered_lines": 12, "num_statements": 22, "percent_covered": 54.54545454545455, "percent_covered_display": "55", "missing_lines": 10, "excluded_lines": 0, "percent_statements_covered": 54.54545454545455, "percent_statements_covered_display": "55"}, "missing_lines": [449, 475, 476, 484, 485, 489, 490, 491, 492, 494], "excluded_lines": [], "start_line": 446}, "CommandRegistry._register_builtins.index_handler._run._cb": {"executed_lines": [460], "summary": {"covered_lines": 1, "num_statements": 1, "percent_covered": 100.0, "percent_covered_display": "100", "missing_lines": 0, "excluded_lines": 0, "percent_statements_covered": 100.0, "percent_statements_covered_display": "100"}, "missing_lines": [], "excluded_lines": [], "start_line": 459}, "CommandRegistry._register_builtins.index_status_handler": {"executed_lines": [], "summary": {"covered_lines": 0, "num_statements": 11, "percent_covered": 0.0, "percent_covered_display": "0", "missing_lines": 11, "excluded_lines": 0, "percent_statements_covered": 0.0, "percent_statements_covered_display": "0"}, "missing_lines": [499, 501, 502, 504, 505, 507, 508, 513, 514, 516, 568], "excluded_lines": [], "start_line": 498}, "CommandRegistry._register_builtins.index_status_handler._run": {"executed_lines": [], "summary": {"covered_lines": 0, "num_statements": 26, "percent_covered": 0.0, "percent_covered_display": "0", "missing_lines": 26, "excluded_lines": 0, "percent_statements_covered": 0.0, "percent_statements_covered_display": "0"}, "missing_lines": [517, 518, 519, 520, 522, 524, 526, 527, 530, 532, 534, 540, 541, 545, 547, 548, 553, 555, 556, 557, 558, 559, 560, 562, 564, 566], "excluded_lines": [], "start_line": 516}, "CommandRegistry._register_builtins.config_handler": {"executed_lines": [], "summary": {"covered_lines": 0, "num_statements": 45, "percent_covered": 0.0, "percent_covered_display": "0", "missing_lines": 45, "excluded_lines": 0, "percent_statements_covered": 0.0, "percent_statements_covered_display": "0"}, "missing_lines": [571, 572, 574, 575, 576, 578, 580, 581, 582, 583, 584, 586, 587, 588, 593, 598, 604, 605, 606, 607, 609, 610, 611, 612, 614, 615, 616, 618, 619, 620, 621, 622, 623, 624, 625, 627, 628, 629, 630, 631, 632, 633, 634, 636, 638], "excluded_lines": [], "start_line": 570}, "CommandRegistry._register_builtins.plan_handler": {"executed_lines": [], "summary": {"covered_lines": 0, "num_statements": 6, "percent_covered": 0.0, "percent_covered_display": "0", "missing_lines": 6, "excluded_lines": 0, "percent_statements_covered": 0.0, "percent_statements_covered_display": "0"}, "missing_lines": [647, 648, 649, 650, 656, 660], "excluded_lines": [], "start_line": 646}, "CommandRegistry._register_builtins.search_handler": {"executed_lines": [], "summary": {"covered_lines": 0, "num_statements": 43, "percent_covered": 0.0, "percent_covered_display": "0", "missing_lines": 43, "excluded_lines": 0, "percent_statements_covered": 0.0, "percent_statements_covered_display": "0"}, "missing_lines": [663, 664, 674, 675, 677, 678, 681, 682, 683, 684, 685, 686, 687, 688, 691, 692, 693, 694, 695, 696, 697, 698, 699, 700, 701, 702, 703, 704, 705, 708, 709, 710, 711, 712, 714, 715, 716, 717, 718, 719, 720, 721, 723], "excluded_lines": [], "start_line": 662}, "CommandRegistry._register_builtins.commit_handler": {"executed_lines": [], "summary": {"covered_lines": 0, "num_statements": 27, "percent_covered": 0.0, "percent_covered_display": "0", "missing_lines": 27, "excluded_lines": 0, "percent_statements_covered": 0.0, "percent_statements_covered_display": "0"}, "missing_lines": [727, 728, 730, 731, 733, 753, 754, 756, 757, 758, 759, 762, 763, 765, 766, 767, 768, 779, 780, 781, 783, 820, 824, 825, 826, 827, 828], "excluded_lines": [], "start_line": 725}, "CommandRegistry._register_builtins.commit_handler._get_diff": {"executed_lines": [], "summary": {"covered_lines": 0, "num_statements": 12, "percent_covered": 0.0, "percent_covered_display": "0", "missing_lines": 12, "excluded_lines": 0, "percent_statements_covered": 0.0, "percent_statements_covered_display": "0"}, "missing_lines": [734, 735, 739, 740, 741, 745, 746, 747, 748, 749, 750, 751], "excluded_lines": [], "start_line": 733}, "CommandRegistry._register_builtins.commit_handler._confirm_and_commit": {"executed_lines": [], "summary": {"covered_lines": 0, "num_statements": 18, "percent_covered": 0.0, "percent_covered_display": "0", "missing_lines": 18, "excluded_lines": 0, "percent_statements_covered": 0.0, "percent_statements_covered_display": "0"}, "missing_lines": [784, 785, 786, 788, 789, 790, 795, 799, 800, 801, 802, 805, 809, 810, 812, 816, 817, 818], "excluded_lines": [], "start_line": 783}, "CommandRegistry._register_builtins.health_handler": {"executed_lines": [], "summary": {"covered_lines": 0, "num_statements": 58, "percent_covered": 0.0, "percent_covered_display": "0", "missing_lines": 58, "excluded_lines": 0, "percent_statements_covered": 0.0, "percent_statements_covered_display": "0"}, "missing_lines": [832, 833, 834, 835, 837, 838, 840, 842, 857, 863, 864, 865, 866, 869, 870, 871, 872, 873, 874, 875, 878, 879, 880, 881, 882, 883, 884, 885, 886, 887, 890, 891, 895, 896, 897, 898, 899, 900, 901, 902, 903, 906, 909, 910, 911, 912, 913, 914, 916, 918, 919, 920, 921, 922, 923, 924, 925, 927], "excluded_lines": [], "start_line": 830}, "CommandRegistry._register_builtins.health_handler._run_cmd": {"executed_lines": [], "summary": {"covered_lines": 0, "num_statements": 8, "percent_covered": 0.0, "percent_covered_display": "0", "missing_lines": 8, "excluded_lines": 0, "percent_statements_covered": 0.0, "percent_statements_covered_display": "0"}, "missing_lines": [843, 844, 850, 851, 852, 853, 854, 855], "excluded_lines": [], "start_line": 842}, "CommandRegistry._register_builtins.todos_handler": {"executed_lines": [], "summary": {"covered_lines": 0, "num_statements": 37, "percent_covered": 0.0, "percent_covered_display": "0", "missing_lines": 37, "excluded_lines": 0, "percent_statements_covered": 0.0, "percent_statements_covered_display": "0"}, "missing_lines": [931, 932, 934, 935, 937, 938, 940, 941, 942, 948, 949, 950, 952, 953, 954, 955, 958, 959, 960, 961, 962, 963, 964, 965, 966, 968, 969, 970, 972, 973, 974, 976, 977, 978, 980, 981, 983], "excluded_lines": [], "start_line": 929}, "CommandRegistry._register_builtins.snippet_handler": {"executed_lines": [], "summary": {"covered_lines": 0, "num_statements": 60, "percent_covered": 0.0, "percent_covered_display": "0", "missing_lines": 60, "excluded_lines": 0, "percent_statements_covered": 0.0, "percent_statements_covered_display": "0"}, "missing_lines": [987, 988, 990, 991, 993, 1002, 1003, 1006, 1007, 1008, 1009, 1010, 1011, 1012, 1013, 1014, 1015, 1016, 1017, 1020, 1021, 1022, 1023, 1024, 1025, 1026, 1029, 1030, 1031, 1032, 1033, 1036, 1037, 1038, 1039, 1040, 1041, 1042, 1043, 1044, 1045, 1046, 1047, 1050, 1051, 1052, 1053, 1054, 1055, 1056, 1057, 1059, 1060, 1061, 1062, 1063, 1064, 1065, 1066, 1068], "excluded_lines": [], "start_line": 985}, "CommandRegistry._register_builtins.run_handler": {"executed_lines": [], "summary": {"covered_lines": 0, "num_statements": 26, "percent_covered": 0.0, "percent_covered_display": "0", "missing_lines": 26, "excluded_lines": 0, "percent_statements_covered": 0.0, "percent_statements_covered_display": "0"}, "missing_lines": [1072, 1073, 1075, 1076, 1082, 1083, 1085, 1086, 1088, 1089, 1095, 1096, 1097, 1098, 1099, 1101, 1102, 1105, 1106, 1107, 1108, 1109, 1111, 1112, 1113, 1114], "excluded_lines": [], "start_line": 1070}, "CommandRegistry._register_builtins.debug_handler": {"executed_lines": [], "summary": {"covered_lines": 0, "num_statements": 24, "percent_covered": 0.0, "percent_covered_display": "0", "missing_lines": 24, "excluded_lines": 0, "percent_statements_covered": 0.0, "percent_statements_covered_display": "0"}, "missing_lines": [1118, 1119, 1121, 1122, 1124, 1125, 1126, 1127, 1128, 1132, 1134, 1135, 1136, 1137, 1138, 1144, 1145, 1146, 1147, 1148, 1149, 1150, 1151, 1155], "excluded_lines": [], "start_line": 1116}, "CommandRegistry._register_builtins._get_error_hint": {"executed_lines": [], "summary": {"covered_lines": 0, "num_statements": 5, "percent_covered": 0.0, "percent_covered_display": "0", "missing_lines": 5, "excluded_lines": 0, "percent_statements_covered": 0.0, "percent_statements_covered_display": "0"}, "missing_lines": [1184, 1185, 1186, 1187, 1188], "excluded_lines": [], "start_line": 1182}, "CommandRegistry._register_builtins.errors_handler": {"executed_lines": [], "summary": {"covered_lines": 0, "num_statements": 43, "percent_covered": 0.0, "percent_covered_display": "0", "missing_lines": 43, "excluded_lines": 0, "percent_statements_covered": 0.0, "percent_statements_covered_display": "0"}, "missing_lines": [1192, 1193, 1194, 1196, 1197, 1200, 1201, 1202, 1203, 1205, 1206, 1208, 1209, 1211, 1216, 1217, 1218, 1219, 1220, 1221, 1222, 1224, 1225, 1226, 1227, 1228, 1229, 1230, 1233, 1234, 1236, 1237, 1238, 1239, 1241, 1242, 1243, 1244, 1245, 1246, 1247, 1248, 1252], "excluded_lines": [], "start_line": 1190}, "CommandRegistry._register_builtins.changelog_handler": {"executed_lines": [], "summary": {"covered_lines": 0, "num_statements": 37, "percent_covered": 0.0, "percent_covered_display": "0", "missing_lines": 37, "excluded_lines": 0, "percent_statements_covered": 0.0, "percent_statements_covered_display": "0"}, "missing_lines": [1256, 1257, 1259, 1260, 1262, 1263, 1264, 1265, 1267, 1278, 1279, 1280, 1281, 1284, 1285, 1286, 1288, 1289, 1292, 1293, 1295, 1296, 1298, 1299, 1307, 1308, 1309, 1314, 1315, 1316, 1318, 1319, 1320, 1321, 1322, 1323, 1325], "excluded_lines": [], "start_line": 1254}, "CommandRegistry._register_builtins.changelog_handler._git": {"executed_lines": [], "summary": {"covered_lines": 0, "num_statements": 5, "percent_covered": 0.0, "percent_covered_display": "0", "missing_lines": 5, "excluded_lines": 0, "percent_statements_covered": 0.0, "percent_statements_covered_display": "0"}, "missing_lines": [1268, 1269, 1273, 1274, 1275], "excluded_lines": [], "start_line": 1267}, "CommandRegistry._register_builtins.arch_handler": {"executed_lines": [], "summary": {"covered_lines": 0, "num_statements": 19, "percent_covered": 0.0, "percent_covered_display": "0", "missing_lines": 19, "excluded_lines": 0, "percent_statements_covered": 0.0, "percent_statements_covered_display": "0"}, "missing_lines": [1334, 1336, 1337, 1339, 1340, 1341, 1342, 1343, 1344, 1345, 1346, 1347, 1349, 1350, 1351, 1353, 1358, 1359, 1360], "excluded_lines": [], "start_line": 1332}, "CommandRegistry._register_builtins.pr_handler": {"executed_lines": [], "summary": {"covered_lines": 0, "num_statements": 25, "percent_covered": 0.0, "percent_covered_display": "0", "missing_lines": 25, "excluded_lines": 0, "percent_statements_covered": 0.0, "percent_statements_covered_display": "0"}, "missing_lines": [1364, 1365, 1367, 1370, 1371, 1372, 1375, 1376, 1377, 1378, 1379, 1384, 1392, 1393, 1394, 1396, 1397, 1399, 1401, 1402, 1403, 1404, 1405, 1406, 1408], "excluded_lines": [], "start_line": 1362}, "": {"executed_lines": [3, 5, 6, 7, 10, 11, 14, 15, 16, 19, 22, 27, 31, 34, 37, 40], "summary": {"covered_lines": 16, "num_statements": 16, "percent_covered": 100.0, "percent_covered_display": "100", "missing_lines": 0, "excluded_lines": 0, "percent_statements_covered": 100.0, "percent_statements_covered_display": "100"}, "missing_lines": [], "excluded_lines": [], "start_line": 1}}, "classes": {"SlashCommand": {"executed_lines": [], "summary": {"covered_lines": 0, "num_statements": 0, "percent_covered": 100.0, "percent_covered_display": "100", "missing_lines": 0, "excluded_lines": 0, "percent_statements_covered": 100.0, "percent_statements_covered_display": "100"}, "missing_lines": [], "excluded_lines": [], "start_line": 11}, "CommandRegistry": {"executed_lines": [23, 24, 25, 29, 32, 35, 41, 43, 56, 66, 78, 114, 125, 131, 132, 135, 136, 140, 141, 144, 145, 147, 148, 149, 150, 155, 156, 159, 161, 163, 171, 175, 274, 314, 318, 319, 328, 329, 335, 336, 338, 341, 342, 343, 346, 348, 349, 351, 352, 353, 355, 356, 359, 360, 361, 364, 365, 366, 367, 368, 370, 371, 373, 374, 375, 376, 378, 379, 380, 381, 383, 385, 387, 388, 390, 393, 394, 396, 397, 398, 402, 403, 405, 406, 407, 408, 409, 411, 415, 416, 418, 425, 426, 429, 431, 432, 434, 437, 438, 439, 446, 447, 448, 452, 457, 459, 460, 462, 463, 464, 466, 467, 470, 471], "summary": {"covered_lines": 114, "num_statements": 871, "percent_covered": 13.088404133180253, "percent_covered_display": "13", "missing_lines": 757, "excluded_lines": 0, "percent_statements_covered": 13.088404133180253, "percent_statements_covered_display": "13"}, "missing_lines": [38, 44, 50, 51, 52, 53, 54, 57, 58, 59, 60, 61, 62, 63, 64, 67, 68, 69, 70, 71, 72, 73, 74, 75, 76, 79, 80, 81, 82, 84, 85, 86, 87, 88, 89, 90, 91, 92, 93, 94, 95, 96, 97, 98, 99, 100, 101, 102, 103, 104, 105, 106, 107, 115, 116, 117, 118, 119, 121, 122, 123, 126, 127, 128, 129, 133, 137, 139, 143, 153, 154, 160, 162, 173, 182, 183, 187, 188, 189, 191, 192, 193, 194, 195, 197, 199, 200, 201, 203, 204, 206, 209, 218, 220, 221, 223, 224, 225, 226, 228, 230, 232, 233, 234, 236, 238, 239, 240, 246, 247, 248, 250, 251, 252, 253, 255, 256, 261, 265, 266, 268, 271, 272, 273, 278, 285, 286, 288, 289, 291, 292, 293, 298, 299, 300, 301, 302, 304, 313, 316, 330, 331, 332, 333, 334, 339, 340, 344, 347, 350, 357, 358, 362, 363, 372, 377, 382, 389, 392, 395, 399, 400, 404, 410, 412, 414, 428, 435, 449, 475, 476, 484, 485, 489, 490, 491, 492, 494, 496, 498, 499, 501, 502, 504, 505, 507, 508, 513, 514, 516, 517, 518, 519, 520, 522, 524, 526, 527, 530, 532, 534, 540, 541, 545, 547, 548, 553, 555, 556, 557, 558, 559, 560, 562, 564, 566, 568, 570, 571, 572, 574, 575, 576, 578, 580, 581, 582, 583, 584, 586, 587, 588, 593, 598, 604, 605, 606, 607, 609, 610, 611, 612, 614, 615, 616, 618, 619, 620, 621, 622, 623, 624, 625, 627, 628, 629, 630, 631, 632, 633, 634, 636, 638, 646, 647, 648, 649, 650, 656, 660, 662, 663, 664, 674, 675, 677, 678, 681, 682, 683, 684, 685, 686, 687, 688, 691, 692, 693, 694, 695, 696, 697, 698, 699, 700, 701, 702, 703, 704, 705, 708, 709, 710, 711, 712, 714, 715, 716, 717, 718, 719, 720, 721, 723, 725, 727, 728, 730, 731, 733, 734, 735, 739, 740, 741, 745, 746, 747, 748, 749, 750, 751, 753, 754, 756, 757, 758, 759, 762, 763, 765, 766, 767, 768, 779, 780, 781, 783, 784, 785, 786, 788, 789, 790, 795, 799, 800, 801, 802, 805, 809, 810, 812, 816, 817, 818, 820, 824, 825, 826, 827, 828, 830, 832, 833, 834, 835, 837, 838, 840, 842, 843, 844, 850, 851, 852, 853, 854, 855, 857, 863, 864, 865, 866, 869, 870, 871, 872, 873, 874, 875, 878, 879, 880, 881, 882, 883, 884, 885, 886, 887, 890, 891, 895, 896, 897, 898, 899, 900, 901, 902, 903, 906, 909, 910, 911, 912, 913, 914, 916, 918, 919, 920, 921, 922, 923, 924, 925, 927, 929, 931, 932, 934, 935, 937, 938, 940, 941, 942, 948, 949, 950, 952, 953, 954, 955, 958, 959, 960, 961, 962, 963, 964, 965, 966, 968, 969, 970, 972, 973, 974, 976, 977, 978, 980, 981, 983, 985, 987, 988, 990, 991, 993, 1002, 1003, 1006, 1007, 1008, 1009, 1010, 1011, 1012, 1013, 1014, 1015, 1016, 1017, 1020, 1021, 1022, 1023, 1024, 1025, 1026, 1029, 1030, 1031, 1032, 1033, 1036, 1037, 1038, 1039, 1040, 1041, 1042, 1043, 1044, 1045, 1046, 1047, 1050, 1051, 1052, 1053, 1054, 1055, 1056, 1057, 1059, 1060, 1061, 1062, 1063, 1064, 1065, 1066, 1068, 1070, 1072, 1073, 1075, 1076, 1082, 1083, 1085, 1086, 1088, 1089, 1095, 1096, 1097, 1098, 1099, 1101, 1102, 1105, 1106, 1107, 1108, 1109, 1111, 1112, 1113, 1114, 1116, 1118, 1119, 1121, 1122, 1124, 1125, 1126, 1127, 1128, 1132, 1134, 1135, 1136, 1137, 1138, 1144, 1145, 1146, 1147, 1148, 1149, 1150, 1151, 1155, 1162, 1182, 1184, 1185, 1186, 1187, 1188, 1190, 1192, 1193, 1194, 1196, 1197, 1200, 1201, 1202, 1203, 1205, 1206, 1208, 1209, 1211, 1216, 1217, 1218, 1219, 1220, 1221, 1222, 1224, 1225, 1226, 1227, 1228, 1229, 1230, 1233, 1234, 1236, 1237, 1238, 1239, 1241, 1242, 1243, 1244, 1245, 1246, 1247, 1248, 1252, 1254, 1256, 1257, 1259, 1260, 1262, 1263, 1264, 1265, 1267, 1268, 1269, 1273, 1274, 1275, 1278, 1279, 1280, 1281, 1284, 1285, 1286, 1288, 1289, 1292, 1293, 1295, 1296, 1298, 1299, 1307, 1308, 1309, 1314, 1315, 1316, 1318, 1319, 1320, 1321, 1322, 1323, 1325, 1327, 1328, 1329, 1330, 1331, 1332, 1334, 1336, 1337, 1339, 1340, 1341, 1342, 1343, 1344, 1345, 1346, 1347, 1349, 1350, 1351, 1353, 1358, 1359, 1360, 1362, 1364, 1365, 1367, 1370, 1371, 1372, 1375, 1376, 1377, 1378, 1379, 1384, 1392, 1393, 1394, 1396, 1397, 1399, 1401, 1402, 1403, 1404, 1405, 1406, 1408, 1415, 1416, 1417, 1418, 1419, 1420, 1421, 1422, 1423, 1424, 1425, 1426, 1427, 1428, 1429, 1430, 1431, 1432, 1433, 1434, 1435, 1436], "excluded_lines": [], "start_line": 19}, "": {"executed_lines": [3, 5, 6, 7, 10, 11, 14, 15, 16, 19, 22, 27, 31, 34, 37, 40], "summary": {"covered_lines": 16, "num_statements": 16, "percent_covered": 100.0, "percent_covered_display": "100", "missing_lines": 0, "excluded_lines": 0, "percent_statements_covered": 100.0, "percent_statements_covered_display": "100"}, "missing_lines": [], "excluded_lines": [], "start_line": 1}}}, "src\\lidco\\index\\__init__.py": {"executed_lines": [3, 4, 5, 6, 8], "summary": {"covered_lines": 5, "num_statements": 5, "percent_covered": 100.0, "percent_covered_display": "100", "missing_lines": 0, "excluded_lines": 0, "percent_statements_covered": 100.0, "percent_statements_covered_display": "100"}, "missing_lines": [], "excluded_lines": [], "functions": {"": {"executed_lines": [3, 4, 5, 6, 8], "summary": {"covered_lines": 5, "num_statements": 5, "percent_covered": 100.0, "percent_covered_display": "100", "missing_lines": 0, "excluded_lines": 0, "percent_statements_covered": 100.0, "percent_statements_covered_display": "100"}, "missing_lines": [], "excluded_lines": [], "start_line": 1}}, "classes": {"": {"executed_lines": [3, 4, 5, 6, 8], "summary": {"covered_lines": 5, "num_statements": 5, "percent_covered": 100.0, "percent_covered_display": "100", "missing_lines": 0, "excluded_lines": 0, "percent_statements_covered": 100.0, "percent_statements_covered_display": "100"}, "missing_lines": [], "excluded_lines": [], "start_line": 1}}}, "src\\lidco\\index\\ast_analyzer.py": {"executed_lines": [10, 12, 13, 14, 15, 17, 18, 20, 25, 39, 48, 67, 77, 86, 87, 88, 90, 91, 92, 93, 94, 96, 97, 99, 101, 102, 103, 104, 109, 110, 115, 116, 117, 120, 129, 132, 139, 142, 144, 147, 148, 156, 159, 160, 168, 170, 174, 180, 181, 182, 183, 184, 186, 187, 189, 191, 192, 202, 203, 211, 212, 213, 224, 225, 226, 227, 236, 237, 238, 239, 240, 250, 251, 252, 258, 259, 260, 266, 270, 276, 277, 279, 280, 281, 282, 285, 286, 287, 288, 295, 298, 299, 300, 301, 306, 308, 312], "summary": {"covered_lines": 97, "num_statements": 111, "percent_covered": 87.38738738738739, "percent_covered_display": "87", "missing_lines": 14, "excluded_lines": 0, "percent_statements_covered": 87.38738738738739, "percent_statements_covered_display": "87"}, "missing_lines": [105, 318, 320, 321, 322, 323, 324, 325, 326, 327, 328, 329, 335, 337], "excluded_lines": [], "functions": {"AstAnalyzer.analyze": {"executed_lines": [86, 87, 88, 90, 91, 92, 93, 94, 96, 97, 99, 101, 102, 103, 104], "summary": {"covered_lines": 15, "num_statements": 16, "percent_covered": 93.75, "percent_covered_display": "94", "missing_lines": 1, "excluded_lines": 0, "percent_statements_covered": 93.75, "percent_statements_covered_display": "94"}, "missing_lines": [105], "excluded_lines": [], "start_line": 77}, "AstAnalyzer.detect_file_role": {"executed_lines": [115, 116, 117, 120, 129, 132, 139, 142, 144, 147, 148, 156, 159, 160, 168, 170], "summary": {"covered_lines": 16, "num_statements": 16, "percent_covered": 100.0, "percent_covered_display": "100", "missing_lines": 0, "excluded_lines": 0, "percent_statements_covered": 100.0, "percent_statements_covered_display": "100"}, "missing_lines": [], "excluded_lines": [], "start_line": 110}, "AstAnalyzer._analyze_python": {"executed_lines": [180, 181, 182, 183, 184, 186, 187, 189, 191, 192, 202, 203, 211, 212, 213, 224, 225, 226, 227, 236, 237, 238, 239, 240, 250, 251, 252, 258, 259, 260, 266], "summary": {"covered_lines": 31, "num_statements": 31, "percent_covered": 100.0, "percent_covered_display": "100", "missing_lines": 0, "excluded_lines": 0, "percent_statements_covered": 100.0, "percent_statements_covered_display": "100"}, "missing_lines": [], "excluded_lines": [], "start_line": 174}, "AstAnalyzer._analyze_js_ts": {"executed_lines": [276, 277, 279, 280, 281, 282, 285, 286, 287, 288, 295, 298, 299, 300, 301, 306, 308], "summary": {"covered_lines": 17, "num_statements": 17, "percent_covered": 100.0, "percent_covered_display": "100", "missing_lines": 0, "excluded_lines": 0, "percent_statements_covered": 100.0, "percent_statements_covered_display": "100"}, "missing_lines": [], "excluded_lines": [], "start_line": 270}, "AstAnalyzer._analyze_generic": {"executed_lines": [], "summary": {"covered_lines": 0, "num_statements": 13, "percent_covered": 0.0, "percent_covered_display": "0", "missing_lines": 13, "excluded_lines": 0, "percent_statements_covered": 0.0, "percent_statements_covered_display": "0"}, "missing_lines": [318, 320, 321, 322, 323, 324, 325, 326, 327, 328, 329, 335, 337], "excluded_lines": [], "start_line": 312}, "": {"executed_lines": [10, 12, 13, 14, 15, 17, 18, 20, 25, 39, 48, 67, 77, 109, 110, 174, 270, 312], "summary": {"covered_lines": 18, "num_statements": 18, "percent_covered": 100.0, "percent_covered_display": "100", "missing_lines": 0, "excluded_lines": 0, "percent_statements_covered": 100.0, "percent_statements_covered_display": "100"}, "missing_lines": [], "excluded_lines": [], "start_line": 1}}, "classes": {"AstAnalyzer": {"executed_lines": [86, 87, 88, 90, 91, 92, 93, 94, 96, 97, 99, 101, 102, 103, 104, 115, 116, 117, 120, 129, 132, 139, 142, 144, 147, 148, 156, 159, 160, 168, 170, 180, 181, 182, 183, 184, 186, 187, 189, 191, 192, 202, 203, 211, 212, 213, 224, 225, 226, 227, 236, 237, 238, 239, 240, 250, 251, 252, 258, 259, 260, 266, 276, 277, 279, 280, 281, 282, 285, 286, 287, 288, 295, 298, 299, 300, 301, 306, 308], "summary": {"covered_lines": 79, "num_statements": 93, "percent_covered": 84.94623655913979, "percent_covered_display": "85", "missing_lines": 14, "excluded_lines": 0, "percent_statements_covered": 84.94623655913979, "percent_statements_covered_display": "85"}, "missing_lines": [105, 318, 320, 321, 322, 323, 324, 325, 326, 327, 328, 329, 335, 337], "excluded_lines": [], "start_line": 67}, "": {"executed_lines": [10, 12, 13, 14, 15, 17, 18, 20, 25, 39, 48, 67, 77, 109, 110, 174, 270, 312], "summary": {"covered_lines": 18, "num_statements": 18, "percent_covered": 100.0, "percent_covered_display": "100", "missing_lines": 0, "excluded_lines": 0, "percent_statements_covered": 100.0, "percent_statements_covered_display": "100"}, "missing_lines": [], "excluded_lines": [], "start_line": 1}}}, "src\\lidco\\index\\codemap_generator.py": {"executed_lines": [11, 13, 14, 15, 17, 18, 20, 25, 35, 46, 55, 56, 60, 62, 63, 66, 68, 69, 70, 73, 75, 83, 84, 88, 92, 96, 98, 99, 100, 101, 103, 104, 105, 107, 109, 111, 112, 113, 114, 118, 119, 121, 122, 124, 125, 127, 130, 131, 132, 134, 135, 136, 137, 141, 142, 144, 145, 146, 148], "summary": {"covered_lines": 59, "num_statements": 59, "percent_covered": 100.0, "percent_covered_display": "100", "missing_lines": 0, "excluded_lines": 0, "percent_statements_covered": 100.0, "percent_statements_covered_display": "100"}, "missing_lines": [], "excluded_lines": [], "functions": {"CodemapGenerator.__init__": {"executed_lines": [56], "summary": {"covered_lines": 1, "num_statements": 1, "percent_covered": 100.0, "percent_covered_display": "100", "missing_lines": 0, "excluded_lines": 0, "percent_statements_covered": 100.0, "percent_statements_covered_display": "100"}, "missing_lines": [], "excluded_lines": [], "start_line": 55}, "CodemapGenerator.generate": {"executed_lines": [62, 63, 66, 68, 69, 70, 73, 75, 83, 84, 88, 92, 96, 98, 99, 100, 101, 103, 104, 105, 107], "summary": {"covered_lines": 21, "num_statements": 21, "percent_covered": 100.0, "percent_covered_display": "100", "missing_lines": 0, "excluded_lines": 0, "percent_statements_covered": 100.0, "percent_statements_covered_display": "100"}, "missing_lines": [], "excluded_lines": [], "start_line": 60}, "CodemapGenerator.write": {"executed_lines": [111, 112, 113, 114], "summary": {"covered_lines": 4, "num_statements": 4, "percent_covered": 100.0, "percent_covered_display": "100", "missing_lines": 0, "excluded_lines": 0, "percent_statements_covered": 100.0, "percent_statements_covered_display": "100"}, "missing_lines": [], "excluded_lines": [], "start_line": 109}, "CodemapGenerator._render_file": {"executed_lines": [121, 122, 124, 125, 127, 130, 131, 132, 134, 135, 136, 137, 141, 142, 144, 145, 146, 148], "summary": {"covered_lines": 18, "num_statements": 18, "percent_covered": 100.0, "percent_covered_display": "100", "missing_lines": 0, "excluded_lines": 0, "percent_statements_covered": 100.0, "percent_statements_covered_display": "100"}, "missing_lines": [], "excluded_lines": [], "start_line": 119}, "": {"executed_lines": [11, 13, 14, 15, 17, 18, 20, 25, 35, 46, 55, 60, 109, 118, 119], "summary": {"covered_lines": 15, "num_statements": 15, "percent_covered": 100.0, "percent_covered_display": "100", "missing_lines": 0, "excluded_lines": 0, "percent_statements_covered": 100.0, "percent_statements_covered_display": "100"}, "missing_lines": [], "excluded_lines": [], "start_line": 1}}, "classes": {"CodemapGenerator": {"executed_lines": [56, 62, 63, 66, 68, 69, 70, 73, 75, 83, 84, 88, 92, 96, 98, 99, 100, 101, 103, 104, 105, 107, 111, 112, 113, 114, 121, 122, 124, 125, 127, 130, 131, 132, 134, 135, 136, 137, 141, 142, 144, 145, 146, 148], "summary": {"covered_lines": 44, "num_statements": 44, "percent_covered": 100.0, "percent_covered_display": "100", "missing_lines": 0, "excluded_lines": 0, "percent_statements_covered": 100.0, "percent_statements_covered_display": "100"}, "missing_lines": [], "excluded_lines": [], "start_line": 46}, "": {"executed_lines": [11, 13, 14, 15, 17, 18, 20, 25, 35, 46, 55, 60, 109, 118, 119], "summary": {"covered_lines": 15, "num_statements": 15, "percent_covered": 100.0, "percent_covered_display": "100", "missing_lines": 0, "excluded_lines": 0, "percent_statements_covered": 100.0, "percent_statements_covered_display": "100"}, "missing_lines": [], "excluded_lines": [], "start_line": 1}}}, "src\\lidco\\index\\context_enricher.py": {"executed_lines": [13, 15, 16, 17, 18, 20, 21, 27, 36, 50, 51, 54, 59, 60, 74, 87, 90, 91, 97, 98, 102, 103, 104, 105, 108, 109, 110, 111, 112, 113, 127, 129, 132, 133, 136, 138, 156, 169, 170, 173, 174, 175, 176, 177], "summary": {"covered_lines": 44, "num_statements": 117, "percent_covered": 37.60683760683761, "percent_covered_display": "38", "missing_lines": 73, "excluded_lines": 0, "percent_statements_covered": 37.60683760683761, "percent_statements_covered_display": "38"}, "missing_lines": [22, 24, 37, 41, 43, 45, 52, 66, 68, 70, 72, 88, 92, 94, 99, 106, 114, 116, 128, 130, 134, 135, 155, 158, 160, 161, 162, 165, 166, 167, 168, 178, 180, 181, 182, 183, 186, 187, 188, 189, 191, 192, 193, 194, 196, 203, 204, 205, 206, 207, 208, 210, 214, 215, 216, 217, 218, 219, 220, 222, 223, 224, 228, 229, 234, 235, 236, 237, 238, 239, 240, 241, 242], "excluded_lines": [], "functions": {"IndexContextEnricher.__init__": {"executed_lines": [], "summary": {"covered_lines": 0, "num_statements": 1, "percent_covered": 0.0, "percent_covered_display": "0", "missing_lines": 1, "excluded_lines": 0, "percent_statements_covered": 0.0, "percent_statements_covered_display": "0"}, "missing_lines": [37], "excluded_lines": [], "start_line": 36}, "IndexContextEnricher.is_indexed": {"executed_lines": [], "summary": {"covered_lines": 0, "num_statements": 1, "percent_covered": 0.0, "percent_covered_display": "0", "missing_lines": 1, "excluded_lines": 0, "percent_statements_covered": 0.0, "percent_statements_covered_display": "0"}, "missing_lines": [43], "excluded_lines": [], "start_line": 41}, "IndexContextEnricher.get_project_summary": {"executed_lines": [50, 51, 54, 59, 60], "summary": {"covered_lines": 5, "num_statements": 8, "percent_covered": 62.5, "percent_covered_display": "62", "missing_lines": 3, "excluded_lines": 0, "percent_statements_covered": 62.5, "percent_statements_covered_display": "62"}, "missing_lines": [52, 66, 68], "excluded_lines": [], "start_line": 45}, "IndexContextEnricher.get_entrypoints": {"executed_lines": [], "summary": {"covered_lines": 0, "num_statements": 1, "percent_covered": 0.0, "percent_covered_display": "0", "missing_lines": 1, "excluded_lines": 0, "percent_statements_covered": 0.0, "percent_statements_covered_display": "0"}, "missing_lines": [72], "excluded_lines": [], "start_line": 70}, "IndexContextEnricher.find_relevant_files": {"executed_lines": [87, 90, 91, 97, 98, 102, 103, 104, 105, 108, 109, 110, 111, 112, 113], "summary": {"covered_lines": 15, "num_statements": 21, "percent_covered": 71.42857142857143, "percent_covered_display": "71", "missing_lines": 6, "excluded_lines": 0, "percent_statements_covered": 71.42857142857143, "percent_statements_covered_display": "71"}, "missing_lines": [88, 92, 94, 99, 106, 114], "excluded_lines": [], "start_line": 74}, "IndexContextEnricher.get_related_files": {"executed_lines": [127, 129, 132, 133, 136], "summary": {"covered_lines": 5, "num_statements": 9, "percent_covered": 55.55555555555556, "percent_covered_display": "56", "missing_lines": 4, "excluded_lines": 0, "percent_statements_covered": 55.55555555555556, "percent_statements_covered_display": "56"}, "missing_lines": [128, 130, 134, 135], "excluded_lines": [], "start_line": 116}, "IndexContextEnricher.get_context": {"executed_lines": [156, 169, 170, 173, 174, 175, 176, 177], "summary": {"covered_lines": 8, "num_statements": 30, "percent_covered": 26.666666666666668, "percent_covered_display": "27", "missing_lines": 22, "excluded_lines": 0, "percent_statements_covered": 26.666666666666668, "percent_statements_covered_display": "27"}, "missing_lines": [155, 158, 160, 161, 162, 165, 166, 167, 168, 178, 180, 181, 182, 183, 186, 187, 188, 189, 191, 192, 193, 194], "excluded_lines": [], "start_line": 138}, "IndexContextEnricher.get_file_symbol_summary": {"executed_lines": [], "summary": {"covered_lines": 0, "num_statements": 17, "percent_covered": 0.0, "percent_covered_display": "0", "missing_lines": 17, "excluded_lines": 0, "percent_statements_covered": 0.0, "percent_statements_covered_display": "0"}, "missing_lines": [203, 204, 205, 206, 207, 208, 210, 214, 215, 216, 217, 218, 219, 220, 222, 223, 224], "excluded_lines": [], "start_line": 196}, "IndexContextEnricher.from_project_dir": {"executed_lines": [], "summary": {"covered_lines": 0, "num_statements": 9, "percent_covered": 0.0, "percent_covered_display": "0", "missing_lines": 9, "excluded_lines": 0, "percent_statements_covered": 0.0, "percent_statements_covered_display": "0"}, "missing_lines": [234, 235, 236, 237, 238, 239, 240, 241, 242], "excluded_lines": [], "start_line": 229}, "": {"executed_lines": [13, 15, 16, 17, 18, 20, 21, 27, 36, 74, 138], "summary": {"covered_lines": 11, "num_statements": 20, "percent_covered": 55.0, "percent_covered_display": "55", "missing_lines": 9, "excluded_lines": 0, "percent_statements_covered": 55.0, "percent_statements_covered_display": "55"}, "missing_lines": [22, 24, 41, 45, 70, 116, 196, 228, 229], "excluded_lines": [], "start_line": 1}}, "classes": {"IndexContextEnricher": {"executed_lines": [50, 51, 54, 59, 60, 87, 90, 91, 97, 98, 102, 103, 104, 105, 108, 109, 110, 111, 112, 113, 127, 129, 132, 133, 136, 156, 169, 170, 173, 174, 175, 176, 177], "summary": {"covered_lines": 33, "num_statements": 97, "percent_covered": 34.02061855670103, "percent_covered_display": "34", "missing_lines": 64, "excluded_lines": 0, "percent_statements_covered": 34.02061855670103, "percent_statements_covered_display": "34"}, "missing_lines": [37, 43, 52, 66, 68, 72, 88, 92, 94, 99, 106, 114, 128, 130, 134, 135, 155, 158, 160, 161, 162, 165, 166, 167, 168, 178, 180, 181, 182, 183, 186, 187, 188, 189, 191, 192, 193, 194, 203, 204, 205, 206, 207, 208, 210, 214, 215, 216, 217, 218, 219, 220, 222, 223, 224, 234, 235, 236, 237, 238, 239, 240, 241, 242], "excluded_lines": [], "start_line": 27}, "": {"executed_lines": [13, 15, 16, 17, 18, 20, 21, 27, 36, 74, 138], "summary": {"covered_lines": 11, "num_statements": 20, "percent_covered": 55.0, "percent_covered_display": "55", "missing_lines": 9, "excluded_lines": 0, "percent_statements_covered": 55.0, "percent_statements_covered_display": "55"}, "missing_lines": [22, 24, 41, 45, 70, 116, 196, 228, 229], "excluded_lines": [], "start_line": 1}}}, "src\\lidco\\index\\db.py": {"executed_lines": [8, 10, 11, 12, 13, 18, 29, 32, 36, 38, 39, 43, 59, 71, 75, 78, 82, 83, 89, 92, 94, 95, 97, 98, 102, 107, 109, 131, 135, 137, 139, 142, 144, 146, 149, 151, 154, 158, 159, 161, 163, 168, 170, 171, 175, 178, 184, 185, 186, 204, 206, 208, 211, 218, 219, 224, 226, 227, 229, 231, 232, 235, 242, 243, 260, 262, 265, 267, 270, 272, 274, 284, 288, 290, 295, 299, 302, 306, 308, 312, 316, 320, 321, 323, 328, 331, 333], "summary": {"covered_lines": 87, "num_statements": 137, "percent_covered": 63.503649635036496, "percent_covered_display": "64", "missing_lines": 50, "excluded_lines": 0, "percent_statements_covered": 63.503649635036496, "percent_statements_covered_display": "64"}, "missing_lines": [14, 16, 35, 37, 44, 51, 52, 53, 54, 55, 69, 74, 79, 93, 96, 103, 153, 156, 166, 173, 182, 209, 221, 222, 223, 225, 228, 239, 241, 258, 263, 297, 326, 344, 346, 347, 348, 350, 351, 353, 354, 358, 359, 362, 367, 368, 380, 381, 393, 394], "excluded_lines": [], "functions": {"IndexDatabase.__init__": {"executed_lines": [36, 38, 39], "summary": {"covered_lines": 3, "num_statements": 4, "percent_covered": 75.0, "percent_covered_display": "75", "missing_lines": 1, "excluded_lines": 0, "percent_statements_covered": 75.0, "percent_statements_covered_display": "75"}, "missing_lines": [37], "excluded_lines": [], "start_line": 35}, "IndexDatabase._conn": {"executed_lines": [], "summary": {"covered_lines": 0, "num_statements": 5, "percent_covered": 0.0, "percent_covered_display": "0", "missing_lines": 5, "excluded_lines": 0, "percent_statements_covered": 0.0, "percent_statements_covered_display": "0"}, "missing_lines": [51, 52, 53, 54, 55], "excluded_lines": [], "start_line": 44}, "IndexDatabase._apply_schema": {"executed_lines": [71, 75, 78, 82, 83, 89, 92, 94, 95, 97, 98, 102], "summary": {"covered_lines": 12, "num_statements": 18, "percent_covered": 66.66666666666667, "percent_covered_display": "67", "missing_lines": 6, "excluded_lines": 0, "percent_statements_covered": 66.66666666666667, "percent_statements_covered_display": "67"}, "missing_lines": [69, 74, 79, 93, 96, 103], "excluded_lines": [], "start_line": 59}, "IndexDatabase.upsert_file": {"executed_lines": [109, 131, 135], "summary": {"covered_lines": 3, "num_statements": 3, "percent_covered": 100.0, "percent_covered_display": "100", "missing_lines": 0, "excluded_lines": 0, "percent_statements_covered": 100.0, "percent_statements_covered_display": "100"}, "missing_lines": [], "excluded_lines": [], "start_line": 107}, "IndexDatabase.get_file_by_path": {"executed_lines": [139, 142], "summary": {"covered_lines": 2, "num_statements": 2, "percent_covered": 100.0, "percent_covered_display": "100", "missing_lines": 0, "excluded_lines": 0, "percent_statements_covered": 100.0, "percent_statements_covered_display": "100"}, "missing_lines": [], "excluded_lines": [], "start_line": 137}, "IndexDatabase.get_file_id": {"executed_lines": [146, 149], "summary": {"covered_lines": 2, "num_statements": 2, "percent_covered": 100.0, "percent_covered_display": "100", "missing_lines": 0, "excluded_lines": 0, "percent_statements_covered": 100.0, "percent_statements_covered_display": "100"}, "missing_lines": [], "excluded_lines": [], "start_line": 144}, "IndexDatabase.delete_file": {"executed_lines": [154], "summary": {"covered_lines": 1, "num_statements": 2, "percent_covered": 50.0, "percent_covered_display": "50", "missing_lines": 1, "excluded_lines": 0, "percent_statements_covered": 50.0, "percent_statements_covered_display": "50"}, "missing_lines": [153], "excluded_lines": [], "start_line": 151}, "IndexDatabase.list_file_mtimes": {"executed_lines": [158, 159], "summary": {"covered_lines": 2, "num_statements": 2, "percent_covered": 100.0, "percent_covered_display": "100", "missing_lines": 0, "excluded_lines": 0, "percent_statements_covered": 100.0, "percent_statements_covered_display": "100"}, "missing_lines": [], "excluded_lines": [], "start_line": 156}, "IndexDatabase.query_files_by_role": {"executed_lines": [163], "summary": {"covered_lines": 1, "num_statements": 2, "percent_covered": 50.0, "percent_covered_display": "50", "missing_lines": 1, "excluded_lines": 0, "percent_statements_covered": 50.0, "percent_statements_covered_display": "50"}, "missing_lines": [166], "excluded_lines": [], "start_line": 161}, "IndexDatabase.list_all_files": {"executed_lines": [170, 171], "summary": {"covered_lines": 2, "num_statements": 2, "percent_covered": 100.0, "percent_covered_display": "100", "missing_lines": 0, "excluded_lines": 0, "percent_statements_covered": 100.0, "percent_statements_covered_display": "100"}, "missing_lines": [], "excluded_lines": [], "start_line": 168}, "IndexDatabase.get_file_by_id": {"executed_lines": [175, 178], "summary": {"covered_lines": 2, "num_statements": 2, "percent_covered": 100.0, "percent_covered_display": "100", "missing_lines": 0, "excluded_lines": 0, "percent_statements_covered": 100.0, "percent_statements_covered_display": "100"}, "missing_lines": [], "excluded_lines": [], "start_line": 173}, "IndexDatabase.insert_symbols": {"executed_lines": [184, 185, 186, 204], "summary": {"covered_lines": 4, "num_statements": 4, "percent_covered": 100.0, "percent_covered_display": "100", "missing_lines": 0, "excluded_lines": 0, "percent_statements_covered": 100.0, "percent_statements_covered_display": "100"}, "missing_lines": [], "excluded_lines": [], "start_line": 182}, "IndexDatabase.delete_symbols_for_file": {"executed_lines": [208], "summary": {"covered_lines": 1, "num_statements": 2, "percent_covered": 50.0, "percent_covered_display": "50", "missing_lines": 1, "excluded_lines": 0, "percent_statements_covered": 50.0, "percent_statements_covered_display": "50"}, "missing_lines": [209], "excluded_lines": [], "start_line": 206}, "IndexDatabase.query_symbols": {"executed_lines": [218, 219, 224, 226, 227, 229, 231, 232, 235], "summary": {"covered_lines": 9, "num_statements": 14, "percent_covered": 64.28571428571429, "percent_covered_display": "64", "missing_lines": 5, "excluded_lines": 0, "percent_statements_covered": 64.28571428571429, "percent_statements_covered_display": "64"}, "missing_lines": [221, 222, 223, 225, 228], "excluded_lines": [], "start_line": 211}, "IndexDatabase.insert_imports": {"executed_lines": [242, 243], "summary": {"covered_lines": 2, "num_statements": 4, "percent_covered": 50.0, "percent_covered_display": "50", "missing_lines": 2, "excluded_lines": 0, "percent_statements_covered": 50.0, "percent_statements_covered_display": "50"}, "missing_lines": [241, 258], "excluded_lines": [], "start_line": 239}, "IndexDatabase.delete_imports_for_file": {"executed_lines": [262], "summary": {"covered_lines": 1, "num_statements": 2, "percent_covered": 50.0, "percent_covered_display": "50", "missing_lines": 1, "excluded_lines": 0, "percent_statements_covered": 50.0, "percent_statements_covered_display": "50"}, "missing_lines": [263], "excluded_lines": [], "start_line": 260}, "IndexDatabase.query_imports_for_file": {"executed_lines": [267, 270], "summary": {"covered_lines": 2, "num_statements": 2, "percent_covered": 100.0, "percent_covered_display": "100", "missing_lines": 0, "excluded_lines": 0, "percent_statements_covered": 100.0, "percent_statements_covered_display": "100"}, "missing_lines": [], "excluded_lines": [], "start_line": 265}, "IndexDatabase.query_files_importing": {"executed_lines": [274, 284], "summary": {"covered_lines": 2, "num_statements": 2, "percent_covered": 100.0, "percent_covered_display": "100", "missing_lines": 0, "excluded_lines": 0, "percent_statements_covered": 100.0, "percent_statements_covered_display": "100"}, "missing_lines": [], "excluded_lines": [], "start_line": 272}, "IndexDatabase.set_meta": {"executed_lines": [290, 295], "summary": {"covered_lines": 2, "num_statements": 2, "percent_covered": 100.0, "percent_covered_display": "100", "missing_lines": 0, "excluded_lines": 0, "percent_statements_covered": 100.0, "percent_statements_covered_display": "100"}, "missing_lines": [], "excluded_lines": [], "start_line": 288}, "IndexDatabase.get_meta": {"executed_lines": [299, 302], "summary": {"covered_lines": 2, "num_statements": 2, "percent_covered": 100.0, "percent_covered_display": "100", "missing_lines": 0, "excluded_lines": 0, "percent_statements_covered": 100.0, "percent_statements_covered_display": "100"}, "missing_lines": [], "excluded_lines": [], "start_line": 297}, "IndexDatabase.get_stats": {"executed_lines": [308, 312, 316, 320, 321, 323, 328, 331, 333], "summary": {"covered_lines": 9, "num_statements": 10, "percent_covered": 90.0, "percent_covered_display": "90", "missing_lines": 1, "excluded_lines": 0, "percent_statements_covered": 90.0, "percent_statements_covered_display": "90"}, "missing_lines": [326], "excluded_lines": [], "start_line": 306}, "IndexDatabase.close": {"executed_lines": [], "summary": {"covered_lines": 0, "num_statements": 3, "percent_covered": 0.0, "percent_covered_display": "0", "missing_lines": 3, "excluded_lines": 0, "percent_statements_covered": 0.0, "percent_statements_covered_display": "0"}, "missing_lines": [346, 347, 348], "excluded_lines": [], "start_line": 344}, "IndexDatabase.__enter__": {"executed_lines": [], "summary": {"covered_lines": 0, "num_statements": 1, "percent_covered": 0.0, "percent_covered_display": "0", "missing_lines": 1, "excluded_lines": 0, "percent_statements_covered": 0.0, "percent_statements_covered_display": "0"}, "missing_lines": [351], "excluded_lines": [], "start_line": 350}, "IndexDatabase.__exit__": {"executed_lines": [], "summary": {"covered_lines": 0, "num_statements": 1, "percent_covered": 0.0, "percent_covered_display": "0", "missing_lines": 1, "excluded_lines": 0, "percent_statements_covered": 0.0, "percent_statements_covered_display": "0"}, "missing_lines": [354], "excluded_lines": [], "start_line": 353}, "IndexDatabase._get_file_id": {"executed_lines": [], "summary": {"covered_lines": 0, "num_statements": 2, "percent_covered": 0.0, "percent_covered_display": "0", "missing_lines": 2, "excluded_lines": 0, "percent_statements_covered": 0.0, "percent_statements_covered_display": "0"}, "missing_lines": [359, 362], "excluded_lines": [], "start_line": 358}, "_row_to_file": {"executed_lines": [], "summary": {"covered_lines": 0, "num_statements": 1, "percent_covered": 0.0, "percent_covered_display": "0", "missing_lines": 1, "excluded_lines": 0, "percent_statements_covered": 0.0, "percent_statements_covered_display": "0"}, "missing_lines": [368], "excluded_lines": [], "start_line": 367}, "_row_to_symbol": {"executed_lines": [], "summary": {"covered_lines": 0, "num_statements": 1, "percent_covered": 0.0, "percent_covered_display": "0", "missing_lines": 1, "excluded_lines": 0, "percent_statements_covered": 0.0, "percent_statements_covered_display": "0"}, "missing_lines": [381], "excluded_lines": [], "start_line": 380}, "_row_to_import": {"executed_lines": [], "summary": {"covered_lines": 0, "num_statements": 1, "percent_covered": 0.0, "percent_covered_display": "0", "missing_lines": 1, "excluded_lines": 0, "percent_statements_covered": 0.0, "percent_statements_covered_display": "0"}, "missing_lines": [394], "excluded_lines": [], "start_line": 393}, "": {"executed_lines": [8, 10, 11, 12, 13, 18, 29, 32, 43, 59, 107, 137, 144, 151, 161, 168, 206, 211, 260, 265, 272, 288, 306], "summary": {"covered_lines": 23, "num_statements": 39, "percent_covered": 58.97435897435897, "percent_covered_display": "59", "missing_lines": 16, "excluded_lines": 0, "percent_statements_covered": 58.97435897435897, "percent_statements_covered_display": "59"}, "missing_lines": [14, 16, 35, 44, 156, 173, 182, 239, 297, 344, 350, 353, 358, 367, 380, 393], "excluded_lines": [], "start_line": 1}}, "classes": {"IndexDatabase": {"executed_lines": [36, 38, 39, 71, 75, 78, 82, 83, 89, 92, 94, 95, 97, 98, 102, 109, 131, 135, 139, 142, 146, 149, 154, 158, 159, 163, 170, 171, 175, 178, 184, 185, 186, 204, 208, 218, 219, 224, 226, 227, 229, 231, 232, 235, 242, 243, 262, 267, 270, 274, 284, 290, 295, 299, 302, 308, 312, 316, 320, 321, 323, 328, 331, 333], "summary": {"covered_lines": 64, "num_statements": 95, "percent_covered": 67.36842105263158, "percent_covered_display": "67", "missing_lines": 31, "excluded_lines": 0, "percent_statements_covered": 67.36842105263158, "percent_statements_covered_display": "67"}, "missing_lines": [37, 51, 52, 53, 54, 55, 69, 74, 79, 93, 96, 103, 153, 166, 209, 221, 222, 223, 225, 228, 241, 258, 263, 326, 346, 347, 348, 351, 354, 359, 362], "excluded_lines": [], "start_line": 32}, "": {"executed_lines": [8, 10, 11, 12, 13, 18, 29, 32, 43, 59, 107, 137, 144, 151, 161, 168, 206, 211, 260, 265, 272, 288, 306], "summary": {"covered_lines": 23, "num_statements": 42, "percent_covered": 54.76190476190476, "percent_covered_display": "55", "missing_lines": 19, "excluded_lines": 0, "percent_statements_covered": 54.76190476190476, "percent_statements_covered_display": "55"}, "missing_lines": [14, 16, 35, 44, 156, 173, 182, 239, 297, 344, 350, 353, 358, 367, 368, 380, 381, 393, 394], "excluded_lines": [], "start_line": 1}}}, "src\\lidco\\index\\project_indexer.py": {"executed_lines": [16, 18, 19, 20, 21, 23, 24, 25, 26, 28, 30, 31, 34, 35, 38, 39, 40, 41, 42, 45, 58, 64, 65, 66, 67, 71, 80, 81, 83, 84, 85, 86, 87, 88, 90, 91, 92, 93, 94, 95, 100, 102, 103, 104, 106, 107, 111, 116, 125, 126, 127, 131, 132, 134, 135, 136, 139, 140, 141, 142, 143, 145, 147, 148, 153, 154, 156, 157, 159, 162, 163, 164, 165, 167, 168, 169, 170, 172, 173, 177, 184, 186, 187, 188, 189, 190, 193, 195, 197, 198, 199, 200, 201, 205, 206, 207, 208, 211, 213, 215, 217, 218, 220, 224, 226, 227, 228, 229, 230, 231, 232, 233, 234, 235, 236, 237, 238, 241, 244, 246, 248, 249, 254, 257, 258, 262, 264, 275, 276, 279, 288, 291, 292, 294, 306, 316, 317, 319, 321, 322, 324, 325, 326, 327, 330, 332, 334, 337, 338, 339, 340, 341, 342], "summary": {"covered_lines": 153, "num_statements": 178, "percent_covered": 85.95505617977528, "percent_covered_display": "86", "missing_lines": 25, "excluded_lines": 0, "percent_statements_covered": 85.95505617977528, "percent_statements_covered_display": "86"}, "missing_lines": [97, 137, 138, 149, 150, 151, 152, 155, 191, 192, 202, 203, 209, 210, 239, 240, 242, 243, 250, 251, 252, 259, 260, 328, 329], "excluded_lines": [], "functions": {"ProjectIndexer.__init__": {"executed_lines": [64, 65, 66, 67], "summary": {"covered_lines": 4, "num_statements": 4, "percent_covered": 100.0, "percent_covered_display": "100", "missing_lines": 0, "excluded_lines": 0, "percent_statements_covered": 100.0, "percent_statements_covered_display": "100"}, "missing_lines": [], "excluded_lines": [], "start_line": 58}, "ProjectIndexer.run_full_index": {"executed_lines": [80, 81, 83, 84, 85, 86, 87, 88, 90, 91, 92, 93, 94, 95, 100, 102, 103, 104, 106, 107, 111], "summary": {"covered_lines": 21, "num_statements": 22, "percent_covered": 95.45454545454545, "percent_covered_display": "95", "missing_lines": 1, "excluded_lines": 0, "percent_statements_covered": 95.45454545454545, "percent_statements_covered_display": "95"}, "missing_lines": [97], "excluded_lines": [], "start_line": 71}, "ProjectIndexer.run_incremental_index": {"executed_lines": [125, 126, 127, 131, 132, 134, 135, 136, 139, 140, 141, 142, 143, 145, 147, 148, 153, 154, 156, 157, 159, 162, 163, 164, 165, 167, 168, 169, 170, 172, 173, 177], "summary": {"covered_lines": 32, "num_statements": 39, "percent_covered": 82.05128205128206, "percent_covered_display": "82", "missing_lines": 7, "excluded_lines": 0, "percent_statements_covered": 82.05128205128206, "percent_statements_covered_display": "82"}, "missing_lines": [137, 138, 149, 150, 151, 152, 155], "excluded_lines": [], "start_line": 116}, "ProjectIndexer.is_stale": {"executed_lines": [186, 187, 188, 189, 190, 193], "summary": {"covered_lines": 6, "num_statements": 8, "percent_covered": 75.0, "percent_covered_display": "75", "missing_lines": 2, "excluded_lines": 0, "percent_statements_covered": 75.0, "percent_statements_covered_display": "75"}, "missing_lines": [191, 192], "excluded_lines": [], "start_line": 184}, "ProjectIndexer.has_new_files": {"executed_lines": [197, 198, 199, 200, 201, 205, 206, 207, 208, 211], "summary": {"covered_lines": 10, "num_statements": 14, "percent_covered": 71.42857142857143, "percent_covered_display": "71", "missing_lines": 4, "excluded_lines": 0, "percent_statements_covered": 71.42857142857143, "percent_statements_covered_display": "71"}, "missing_lines": [202, 203, 209, 210], "excluded_lines": [], "start_line": 195}, "ProjectIndexer.get_stats": {"executed_lines": [215], "summary": {"covered_lines": 1, "num_statements": 1, "percent_covered": 100.0, "percent_covered_display": "100", "missing_lines": 0, "excluded_lines": 0, "percent_statements_covered": 100.0, "percent_statements_covered_display": "100"}, "missing_lines": [], "excluded_lines": [], "start_line": 213}, "ProjectIndexer.db": {"executed_lines": [220], "summary": {"covered_lines": 1, "num_statements": 1, "percent_covered": 100.0, "percent_covered_display": "100", "missing_lines": 0, "excluded_lines": 0, "percent_statements_covered": 100.0, "percent_statements_covered_display": "100"}, "missing_lines": [], "excluded_lines": [], "start_line": 218}, "ProjectIndexer._collect_files": {"executed_lines": [226, 227, 228, 229, 230, 231, 232, 233, 234, 235, 236, 237, 238, 241, 244], "summary": {"covered_lines": 15, "num_statements": 19, "percent_covered": 78.94736842105263, "percent_covered_display": "79", "missing_lines": 4, "excluded_lines": 0, "percent_statements_covered": 78.94736842105263, "percent_statements_covered_display": "79"}, "missing_lines": [239, 240, 242, 243], "excluded_lines": [], "start_line": 224}, "ProjectIndexer._index_one": {"executed_lines": [248, 249, 254, 257, 258, 262, 264, 275, 276, 279, 288, 291, 292, 294, 306, 316, 317, 319], "summary": {"covered_lines": 18, "num_statements": 23, "percent_covered": 78.26086956521739, "percent_covered_display": "78", "missing_lines": 5, "excluded_lines": 0, "percent_statements_covered": 78.26086956521739, "percent_statements_covered_display": "78"}, "missing_lines": [250, 251, 252, 259, 260], "excluded_lines": [], "start_line": 246}, "ProjectIndexer._max_mtime": {"executed_lines": [324, 325, 326, 327, 330], "summary": {"covered_lines": 5, "num_statements": 7, "percent_covered": 71.42857142857143, "percent_covered_display": "71", "missing_lines": 2, "excluded_lines": 0, "percent_statements_covered": 71.42857142857143, "percent_statements_covered_display": "71"}, "missing_lines": [328, 329], "excluded_lines": [], "start_line": 322}, "ProjectIndexer._delete_missing": {"executed_lines": [334, 337, 338, 339, 340, 341, 342], "summary": {"covered_lines": 7, "num_statements": 7, "percent_covered": 100.0, "percent_covered_display": "100", "missing_lines": 0, "excluded_lines": 0, "percent_statements_covered": 100.0, "percent_statements_covered_display": "100"}, "missing_lines": [], "excluded_lines": [], "start_line": 332}, "": {"executed_lines": [16, 18, 19, 20, 21, 23, 24, 25, 26, 28, 30, 31, 34, 35, 38, 39, 40, 41, 42, 45, 58, 71, 116, 184, 195, 213, 217, 218, 224, 246, 321, 322, 332], "summary": {"covered_lines": 33, "num_statements": 33, "percent_covered": 100.0, "percent_covered_display": "100", "missing_lines": 0, "excluded_lines": 0, "percent_statements_covered": 100.0, "percent_statements_covered_display": "100"}, "missing_lines": [], "excluded_lines": [], "start_line": 1}}, "classes": {"IndexResult": {"executed_lines": [], "summary": {"covered_lines": 0, "num_statements": 0, "percent_covered": 100.0, "percent_covered_display": "100", "missing_lines": 0, "excluded_lines": 0, "percent_statements_covered": 100.0, "percent_statements_covered_display": "100"}, "missing_lines": [], "excluded_lines": [], "start_line": 35}, "ProjectIndexer": {"executed_lines": [64, 65, 66, 67, 80, 81, 83, 84, 85, 86, 87, 88, 90, 91, 92, 93, 94, 95, 100, 102, 103, 104, 106, 107, 111, 125, 126, 127, 131, 132, 134, 135, 136, 139, 140, 141, 142, 143, 145, 147, 148, 153, 154, 156, 157, 159, 162, 163, 164, 165, 167, 168, 169, 170, 172, 173, 177, 186, 187, 188, 189, 190, 193, 197, 198, 199, 200, 201, 205, 206, 207, 208, 211, 215, 220, 226, 227, 228, 229, 230, 231, 232, 233, 234, 235, 236, 237, 238, 241, 244, 248, 249, 254, 257, 258, 262, 264, 275, 276, 279, 288, 291, 292, 294, 306, 316, 317, 319, 324, 325, 326, 327, 330, 334, 337, 338, 339, 340, 341, 342], "summary": {"covered_lines": 120, "num_statements": 145, "percent_covered": 82.75862068965517, "percent_covered_display": "83", "missing_lines": 25, "excluded_lines": 0, "percent_statements_covered": 82.75862068965517, "percent_statements_covered_display": "83"}, "missing_lines": [97, 137, 138, 149, 150, 151, 152, 155, 191, 192, 202, 203, 209, 210, 239, 240, 242, 243, 250, 251, 252, 259, 260, 328, 329], "excluded_lines": [], "start_line": 45}, "": {"executed_lines": [16, 18, 19, 20, 21, 23, 24, 25, 26, 28, 30, 31, 34, 35, 38, 39, 40, 41, 42, 45, 58, 71, 116, 184, 195, 213, 217, 218, 224, 246, 321, 322, 332], "summary": {"covered_lines": 33, "num_statements": 33, "percent_covered": 100.0, "percent_covered_display": "100", "missing_lines": 0, "excluded_lines": 0, "percent_statements_covered": 100.0, "percent_statements_covered_display": "100"}, "missing_lines": [], "excluded_lines": [], "start_line": 1}}}, "src\\lidco\\index\\schema.py": {"executed_lines": [3, 5, 10, 22, 79, 85, 96, 105, 115, 116, 120, 121, 122, 124, 125, 126, 133, 135, 136, 137, 138, 139, 140], "summary": {"covered_lines": 23, "num_statements": 44, "percent_covered": 52.27272727272727, "percent_covered_display": "52", "missing_lines": 21, "excluded_lines": 0, "percent_statements_covered": 52.27272727272727, "percent_statements_covered_display": "52"}, "missing_lines": [13, 119, 123, 129, 130, 134, 143, 144, 147, 148, 149, 150, 151, 154, 155, 158, 159, 160, 161, 162, 163], "excluded_lines": [], "functions": {"": {"executed_lines": [3, 5, 10, 22, 79, 85, 96, 105, 115, 116, 120, 121, 122, 124, 125, 126, 133, 135, 136, 137, 138, 139, 140], "summary": {"covered_lines": 23, "num_statements": 44, "percent_covered": 52.27272727272727, "percent_covered_display": "52", "missing_lines": 21, "excluded_lines": 0, "percent_statements_covered": 52.27272727272727, "percent_statements_covered_display": "52"}, "missing_lines": [13, 119, 123, 129, 130, 134, 143, 144, 147, 148, 149, 150, 151, 154, 155, 158, 159, 160, 161, 162, 163], "excluded_lines": [], "start_line": 1}}, "classes": {"FileRecord": {"executed_lines": [], "summary": {"covered_lines": 0, "num_statements": 0, "percent_covered": 100.0, "percent_covered_display": "100", "missing_lines": 0, "excluded_lines": 0, "percent_statements_covered": 100.0, "percent_statements_covered_display": "100"}, "missing_lines": [], "excluded_lines": [], "start_line": 116}, "SymbolRecord": {"executed_lines": [], "summary": {"covered_lines": 0, "num_statements": 0, "percent_covered": 100.0, "percent_covered_display": "100", "missing_lines": 0, "excluded_lines": 0, "percent_statements_covered": 100.0, "percent_statements_covered_display": "100"}, "missing_lines": [], "excluded_lines": [], "start_line": 130}, "ImportRecord": {"executed_lines": [], "summary": {"covered_lines": 0, "num_statements": 0, "percent_covered": 100.0, "percent_covered_display": "100", "missing_lines": 0, "excluded_lines": 0, "percent_statements_covered": 100.0, "percent_statements_covered_display": "100"}, "missing_lines": [], "excluded_lines": [], "start_line": 144}, "IndexStats": {"executed_lines": [], "summary": {"covered_lines": 0, "num_statements": 0, "percent_covered": 100.0, "percent_covered_display": "100", "missing_lines": 0, "excluded_lines": 0, "percent_statements_covered": 100.0, "percent_statements_covered_display": "100"}, "missing_lines": [], "excluded_lines": [], "start_line": 155}, "": {"executed_lines": [3, 5, 10, 22, 79, 85, 96, 105, 115, 116, 120, 121, 122, 124, 125, 126, 133, 135, 136, 137, 138, 139, 140], "summary": {"covered_lines": 23, "num_statements": 44, "percent_covered": 52.27272727272727, "percent_covered_display": "52", "missing_lines": 21, "excluded_lines": 0, "percent_statements_covered": 52.27272727272727, "percent_statements_covered_display": "52"}, "missing_lines": [13, 119, 123, 129, 130, 134, 143, 144, 147, 148, 149, 150, 151, 154, 155, 158, 159, 160, 161, 162, 163], "excluded_lines": [], "start_line": 1}}}}, "totals": {"covered_lines": 650, "num_statements": 1672, "percent_covered": 38.8755980861244, "percent_covered_display": "39", "missing_lines": 1022, "excluded_lines": 0, "percent_statements_covered": 38.8755980861244, "percent_statements_covered_display": "39"}}